<?xml version="1.0" encoding="UTF-8"?>
<testsuite xmlns:xsi="http://www.w3.org/2001/XMLSchema-instance" xsi:noNamespaceSchemaLocation="https://maven.apache.org/surefire/maven-surefire-plugin/xsd/surefire-test-report.xsd" version="3.0.2" name="com.tsm_db_sql.db.authserver.AuthServerApplicationTests" time="1.515" tests="1" errors="0" skipped="0" failures="0" flakes="0">
  <properties>
[...]
</properties>
  <testcase name="contextLoads" classname="com.tsm_db_sql.db.authserver.AuthServerApplicationTests" time="0.427">
    <system-out><![CDATA[21:32:32.314 [main] INFO org.springframework.test.context.support.AnnotationConfigContextLoaderUtils -- Could not detect default configuration classes for test class [com.tsm_db_sql.db.authserver.AuthServerApplicationTests]: AuthServerApplicationTests does not declare any static, non-private, non-final, nested classes annotated with @Configuration.
21:32:32.372 [main] INFO org.springframework.boot.test.context.SpringBootTestContextBootstrapper -- Found @SpringBootConfiguration com.tsm_db_sql.db.authserver.AuthServerApplication for test class com.tsm_db_sql.db.authserver.AuthServerApplicationTests
21:32:32.413 [main] INFO org.springframework.test.context.support.AnnotationConfigContextLoaderUtils -- Could not detect default configuration classes for test class [com.tsm_db_sql.db.authserver.AuthServerApplicationTests]: AuthServerApplicationTests does not declare any static, non-private, non-final, nested classes annotated with @Configuration.
21:32:32.414 [main] INFO org.springframework.boot.test.context.SpringBootTestContextBootstrapper -- Found @SpringBootConfiguration com.tsm_db_sql.db.authserver.AuthServerApplication for test class com.tsm_db_sql.db.authserver.AuthServerApplicationTests

  .   ____          _            __ _ _
 /\\ / ___'_ __ _ _(_)_ __  __ _ \ \ \ \
( ( )\___ | '_ | '_| | '_ \/ _` | \ \ \ \
 \\/  ___)| |_)| | | | | || (_| |  ) ) ) )
  '  |____| .__|_| |_|_| |_\__, | / / / /
 =========|_|==============|___/=/_/_/_/

 :: Spring Boot ::                (v4.0.5)

2026-04-27T21:32:32.578+02:00  INFO 96615 --- [auth-server-test] [           main] c.t.d.a.AuthServerApplicationTests       : Starting AuthServerApplicationTests using Java 26.0.1 with PID 96615 (started by simonepiccirilli in /Users/simonepiccirilli/Desktop/progetti dev experiment/TSM-RESELL-SQL/auth-server)
2026-04-27T21:32:32.579+02:00  INFO 96615 --- [auth-server-test] [           main] c.t.d.a.AuthServerApplicationTests       : No active profile set, falling back to 1 default profile: "default"
2026-04-27T21:32:33.309+02:00  INFO 96615 --- [auth-server-test] [           main] c.t.d.a.AuthServerApplicationTests       : Started AuthServerApplicationTests in 0.866 seconds (process running for 1.38)
]]></system-out>
    <system-err><![CDATA[Mockito is currently self-attaching to enable the inline-mock-maker. This will no longer work in future releases of the JDK. Please add Mockito as an agent to your build as described in Mockito's documentation: https://javadoc.io/doc/org.mockito/mockito-core/latest/org.mockito/org/mockito/Mockito.html#0.3
WARNING: A Java agent has been loaded dynamically (/Users/simonepiccirilli/.m2/repository/net/bytebuddy/byte-buddy-agent/1.17.8/byte-buddy-agent-1.17.8.jar)
WARNING: If a serviceability tool is in use, please run with -XX:+EnableDynamicAgentLoading to hide this warning
WARNING: If a serviceability tool is not in use, please run with -Djdk.instrument.traceUsage for more information
WARNING: Dynamic loading of agents will be disallowed by default in a future release
]]></system-err>
  </testcase>
</testsuite>